<?xml version="1.0" encoding="UTF-8"?>
<!-- Generated by org.testng.reporters.JUnitXMLReporter -->
<testsuite ignored="0" hostname="DESKTOP-720IL86" failures="2" tests="8" name="Test" time="76.562" errors="0" timestamp="2023-08-09T17:43:10 IST">
  <testcase classname="HRA_Smoke.Apartment_Registration_Test" name="apartReg" time="5.515">
    <skipped/>
  </testcase> <!-- apartReg -->
  <testcase classname="HRA_Smoke.Apartment_Registration_Test" name="apartReg" time="0.681">
    <skipped/>
  </testcase> <!-- apartReg -->
  <testcase classname="HRA_Smoke.Apartment_Registration_Test" name="apartReg" time="1.451">
    <skipped/>
  </testcase> <!-- apartReg -->
  <testcase classname="HRA_Smoke.Apartment_Registration_Test" name="apartReg" time="0.876">
    <failure type="java.lang.AssertionError" message="null">
      <![CDATA[java.lang.AssertionError: null
at HRA_Smoke.Apartment_Registration_Test.apartReg(Apartment_Registration_Test.java:72)
at java.base/java.util.ArrayList.forEach(ArrayList.java:1511)
at java.base/java.util.concurrent.FutureTask.run(FutureTask.java:264)
at java.base/java.util.concurrent.ThreadPoolExecutor.runWorker(ThreadPoolExecutor.java:1136)
at java.base/java.util.concurrent.ThreadPoolExecutor$Worker.run(ThreadPoolExecutor.java:635)
at java.base/java.lang.Thread.run(Thread.java:833)
... Removed 20 stack frames]]>
    </failure>
  </testcase> <!-- apartReg -->
  <testcase classname="HRA_Smoke.Individual_Home_Reg_Test" name="indiHome" time="5.143">
    <skipped/>
  </testcase> <!-- indiHome -->
  <testcase classname="HRA_Smoke.Individual_Home_Reg_Test" name="indiHome" time="0.208">
    <skipped/>
  </testcase> <!-- indiHome -->
  <testcase classname="HRA_Smoke.Individual_Home_Reg_Test" name="indiHome" time="0.261">
    <skipped/>
  </testcase> <!-- indiHome -->
  <testcase classname="HRA_Smoke.Individual_Home_Reg_Test" name="indiHome" time="0.235">
    <failure type="java.lang.AssertionError" message="null">
      <![CDATA[java.lang.AssertionError: null
at HRA_Smoke.Individual_Home_Reg_Test.indiHome(Individual_Home_Reg_Test.java:75)
at java.base/java.util.ArrayList.forEach(ArrayList.java:1511)
at java.base/java.util.concurrent.FutureTask.run(FutureTask.java:264)
at java.base/java.util.concurrent.ThreadPoolExecutor.runWorker(ThreadPoolExecutor.java:1136)
at java.base/java.util.concurrent.ThreadPoolExecutor$Worker.run(ThreadPoolExecutor.java:635)
at java.base/java.lang.Thread.run(Thread.java:833)
... Removed 20 stack frames]]>
    </failure>
  </testcase> <!-- indiHome -->
</testsuite> <!-- Test -->
