<?xml version="1.0" encoding="UTF-8"?>
<!-- Generated by org.testng.reporters.JUnitXMLReporter -->
<testsuite ignored="0" hostname="DESKTOP-720IL86" failures="0" tests="3" name="TestRunner-2" time="8.641" errors="0" timestamp="2023-08-08T10:38:09 IST">
  <testcase classname="com.HRA.GenericUtility.BaseClass" name="@BeforeClass config_BC" time="8.446">
    <failure type="io.github.bonigarcia.wdm.WebDriverManagerException" message="java.net.UnknownHostException: developer.microsoft.com">
      <![CDATA[io.github.bonigarcia.wdm.WebDriverManagerException: java.net.UnknownHostException: developer.microsoft.com
at io.github.bonigarcia.wdm.WebDriverManager.handleException(WebDriverManager.java:776)
at io.github.bonigarcia.wdm.WebDriverManager.manage(WebDriverManager.java:550)
at io.github.bonigarcia.wdm.WebDriverManager.handleException(WebDriverManager.java:773)
at io.github.bonigarcia.wdm.WebDriverManager.manage(WebDriverManager.java:550)
at io.github.bonigarcia.wdm.WebDriverManager.handleException(WebDriverManager.java:766)
at io.github.bonigarcia.wdm.WebDriverManager.manage(WebDriverManager.java:550)
at io.github.bonigarcia.wdm.WebDriverManager.setup(WebDriverManager.java:260)
at com.HRA.GenericUtility.BaseClass.config_BC(BaseClass.java:46)
at java.base/java.util.ArrayList.forEach(ArrayList.java:1511)
at java.base/java.util.concurrent.FutureTask.run(FutureTask.java:264)
at java.base/java.util.concurrent.ThreadPoolExecutor.runWorker(ThreadPoolExecutor.java:1136)
at java.base/java.util.concurrent.ThreadPoolExecutor$Worker.run(ThreadPoolExecutor.java:635)
at java.base/java.lang.Thread.run(Thread.java:833)
Caused by: java.net.UnknownHostException: developer.microsoft.com
at java.base/java.net.InetAddress$CachedAddresses.get(InetAddress.java:801)
at java.base/java.net.InetAddress.getAllByName0(InetAddress.java:1532)
at java.base/java.net.InetAddress.getAllByName(InetAddress.java:1384)
at java.base/java.net.InetAddress.getAllByName(InetAddress.java:1305)
at org.apache.http.impl.conn.SystemDefaultDnsResolver.resolve(SystemDefaultDnsResolver.java:45)
at org.apache.http.impl.conn.DefaultHttpClientConnectionOperator.connect(DefaultHttpClientConnectionOperator.java:112)
at org.apache.http.impl.conn.PoolingHttpClientConnectionManager.connect(PoolingHttpClientConnectionManager.java:373)
at org.apache.http.impl.execchain.MainClientExec.establishRoute(MainClientExec.java:394)
at org.apache.http.impl.execchain.MainClientExec.execute(MainClientExec.java:237)
at org.apache.http.impl.execchain.ProtocolExec.execute(ProtocolExec.java:185)
at org.apache.http.impl.execchain.RetryExec.execute(RetryExec.java:89)
at org.apache.http.impl.execchain.RedirectExec.execute(RedirectExec.java:110)
at org.apache.http.impl.client.InternalHttpClient.doExecute(InternalHttpClient.java:185)
at org.apache.http.impl.client.CloseableHttpClient.execute(CloseableHttpClient.java:83)
at org.apache.http.impl.client.CloseableHttpClient.execute(CloseableHttpClient.java:108)
at io.github.bonigarcia.wdm.HttpClient.execute(HttpClient.java:169)
at io.github.bonigarcia.wdm.EdgeDriverManager.getDrivers(EdgeDriverManager.java:103)
at io.github.bonigarcia.wdm.WebDriverManager.filterCandidateUrls(WebDriverManager.java:792)
at io.github.bonigarcia.wdm.WebDriverManager.downloadAndExport(WebDriverManager.java:568)
at io.github.bonigarcia.wdm.WebDriverManager.manage(WebDriverManager.java:547)
... 27 more
... Removed 16 stack frames]]>
    </failure>
  </testcase> <!-- @BeforeClass config_BC -->
  <testcase classname="com.HRA.GenericUtility.BaseClass" name="@BeforeMethod config_BM" time="-1.691471289445E9">
    <skipped/>
  </testcase> <!-- @BeforeMethod config_BM -->
  <testcase classname="com.HRA.GenericUtility.BaseClass" name="@AfterMethod config_AM" time="-1.691471289483E9">
    <skipped/>
  </testcase> <!-- @AfterMethod config_AM -->
  <testcase classname="com.HRA.GenericUtility.BaseClass" name="@BeforeMethod config_BM" time="-1.691471289491E9">
    <skipped/>
  </testcase> <!-- @BeforeMethod config_BM -->
  <testcase classname="com.HRA.GenericUtility.BaseClass" name="@AfterMethod config_AM" time="-1.691471289505E9">
    <skipped/>
  </testcase> <!-- @AfterMethod config_AM -->
  <testcase classname="com.HRA.GenericUtility.BaseClass" name="@BeforeMethod config_BM" time="-1.691471289522E9">
    <skipped/>
  </testcase> <!-- @BeforeMethod config_BM -->
  <testcase classname="com.HRA.GenericUtility.BaseClass" name="@AfterMethod config_AM" time="-1.691471289546E9">
    <skipped/>
  </testcase> <!-- @AfterMethod config_AM -->
  <testcase classname="com.HRA.GenericUtility.BaseClass" name="@AfterClass config_AC" time="-1.691471289552E9">
    <skipped/>
  </testcase> <!-- @AfterClass config_AC -->
  <testcase classname="com.HRA.Practice_Package.Indi_Test" name="createIndi" time="0.0">
    <skipped/>
  </testcase> <!-- createIndi -->
  <testcase classname="com.HRA.Practice_Package.Indi_Test" name="deleteIndi" time="0.0">
    <skipped/>
  </testcase> <!-- deleteIndi -->
  <testcase classname="com.HRA.Practice_Package.Indi_Test" name="editIndi" time="0.0">
    <skipped/>
  </testcase> <!-- editIndi -->
</testsuite> <!-- TestRunner-2 -->
