<?xml version="1.0" encoding="UTF-8"?>
<!-- Generated by org.testng.reporters.JUnitXMLReporter -->
<testsuite ignored="0" hostname="DESKTOP-720IL86" failures="0" tests="3" name="threadRunner-1" time="14.72" errors="0" timestamp="2023-08-08T10:30:21 IST">
  <testcase classname="com.HRA.Practice_Package.Home_Test" name="createHome" time="0.011"/>
  <testcase classname="com.HRA.Practice_Package.Home_Test" name="deleteHome" time="0.003"/>
  <testcase classname="com.HRA.Practice_Package.Home_Test" name="editHome" time="0.003"/>
</testsuite> <!-- threadRunner-1 -->
